<?xml version="1.0" encoding="UTF-8"?>
<!-- Generated by org.testng.reporters.JUnitReportReporter -->
<testsuite hostname="LAPTOP-DOHQRCCL" failures="0" tests="3" name="com.Payment" time="0.005" errors="0" timestamp="19 Dec 2023 03:32:31 GMT" skipped="0">
  <testcase classname="com.Payment" name="cod" time="0.003"/>
  <testcase classname="com.Payment" name="cod" time="0.001"/>
  <testcase classname="com.Payment" name="creditCard" time="0.001"/>
</testsuite> <!-- com.Payment -->
