<?xml version="1.0" encoding="UTF-8"?>
<!-- Generated by org.testng.reporters.JUnitReportReporter -->
<testsuite hostname="LAPTOP-DOHQRCCL" failures="0" tests="2" name="com.Account" time="0.008" errors="0" timestamp="19 Dec 2023 03:32:31 GMT" skipped="0">
  <testcase classname="com.Account" name="savingAccount" time="0.000"/>
  <testcase classname="com.Account" name="currentAccount" time="0.008"/>
</testsuite> <!-- com.Account -->
