<?xml version="1.0" encoding="UTF-8"?>
<!-- Generated by org.testng.reporters.JUnitReportReporter -->
<testsuite hostname="LAPTOP-DOHQRCCL" failures="0" tests="2" name="basic.ExceptionDemo" time="0.014" errors="0" timestamp="26 Dec 2023 03:12:19 GMT" skipped="0">
  <testcase classname="basic.ExceptionDemo" name="run" time="0.014"/>
  <testcase classname="basic.ExceptionDemo" name="test" time="0.000"/>
</testsuite> <!-- basic.ExceptionDemo -->
