<?xml version="1.0" encoding="UTF-8"?>
<!-- Generated by org.testng.reporters.JUnitReportReporter -->
<testsuite hostname="LAPTOP-DOHQRCCL" failures="0" tests="1" name="basic.Parameterised" time="4.120" errors="0" timestamp="26 Dec 2023 03:25:07 GMT" skipped="0">
  <testcase classname="basic.Parameterised" name="login" time="4.120"/>
</testsuite> <!-- basic.Parameterised -->
