<?xml version="1.0" encoding="UTF-8"?>
<!-- Generated by org.testng.reporters.JUnitReportReporter -->
<testsuite hostname="LAPTOP-DOHQRCCL" failures="0" tests="6" name="basic.MyTest" time="0.020" errors="0" timestamp="19 Dec 2023 03:42:27 GMT" skipped="0">
  <testcase classname="basic.MyTest" name="test" time="0.001"/>
  <testcase classname="basic.MyTest" name="test" time="0.011"/>
  <testcase classname="basic.MyTest" name="beta" time="0.003"/>
  <testcase classname="basic.MyTest" name="beta" time="0.001"/>
  <testcase classname="basic.MyTest" name="alpha" time="0.001"/>
  <testcase classname="basic.MyTest" name="alpha" time="0.003"/>
</testsuite> <!-- basic.MyTest -->
