<?xml version="1.0" encoding="UTF-8"?>
<!-- Generated by org.testng.reporters.JUnitReportReporter -->
<testsuite hostname="LAPTOP-DOHQRCCL" failures="0" tests="2" name="basic.Dependency" time="0.010" errors="0" timestamp="26 Dec 2023 03:18:15 GMT" skipped="0">
  <testcase classname="basic.Dependency" name="login" time="0.008"/>
  <testcase classname="basic.Dependency" name="home" time="0.002"/>
</testsuite> <!-- basic.Dependency -->
