<?xml version="1.0" encoding="UTF-8"?>
<!-- Generated by org.testng.reporters.JUnitReportReporter -->
<testsuite hostname="LAPTOP-DOHQRCCL" failures="0" tests="4" name="basic.Parameterised_Multi" time="2.756" errors="0" timestamp="26 Dec 2023 03:34:13 GMT" skipped="0">
  <testcase classname="basic.Parameterised_Multi" name="login" time="0.654"/>
  <testcase classname="basic.Parameterised_Multi" name="login" time="0.542"/>
  <testcase classname="basic.Parameterised_Multi" name="login" time="1.018"/>
  <testcase classname="basic.Parameterised_Multi" name="login" time="0.542"/>
</testsuite> <!-- basic.Parameterised_Multi -->
